[0.067s] Invoking command in '/home/dexter/Programming/ros2_workspaces/Industrijska-Robotika-ROS2/ros2_ws/build/my_package': CMAKE_PREFIX_PATH=/opt/ros/humble CONDA_PROMPT_MODIFIER=(deeprl) /home/dexter/anaconda3/envs/deeprl/bin/cmake --build /home/dexter/Programming/ros2_workspaces/Industrijska-Robotika-ROS2/ros2_ws/build/my_package -- -j12 -l12
[0.100s] -- Found ament_cmake: 1.3.8 (/opt/ros/humble/share/ament_cmake/cmake)
[0.292s] -- Found rclcpp: 16.0.8 (/opt/ros/humble/share/rclcpp/cmake)
[0.367s] -- Found rosidl_generator_c: 3.1.5 (/opt/ros/humble/share/rosidl_generator_c/cmake)
[0.375s] -- Found rosidl_adapter: 3.1.5 (/opt/ros/humble/share/rosidl_adapter/cmake)
[0.388s] -- Found rosidl_generator_cpp: 3.1.5 (/opt/ros/humble/share/rosidl_generator_cpp/cmake)
[0.408s] -- Using all available rosidl_typesupport_c: rosidl_typesupport_fastrtps_c;rosidl_typesupport_introspection_c
[0.436s] -- Using all available rosidl_typesupport_cpp: rosidl_typesupport_fastrtps_cpp;rosidl_typesupport_introspection_cpp
[0.523s] -- Found rmw_implementation_cmake: 6.1.1 (/opt/ros/humble/share/rmw_implementation_cmake/cmake)
[0.527s] -- Found rmw_fastrtps_cpp: 6.2.6 (/opt/ros/humble/share/rmw_fastrtps_cpp/cmake)
[0.635s] -- Found OpenSSL: /usr/lib/x86_64-linux-gnu/libcrypto.so (found version "3.0.2")  
[0.668s] -- Found FastRTPS: /opt/ros/humble/include  
[0.720s] -- Using RMW implementation 'rmw_fastrtps_cpp' as default
[0.734s] -- Performing Test CMAKE_HAVE_LIBC_PTHREAD
[0.792s] -- Performing Test CMAKE_HAVE_LIBC_PTHREAD - Success
[0.793s] -- Found Threads: TRUE  
[0.992s] -- Found ament_lint_auto: 0.12.10 (/opt/ros/humble/share/ament_lint_auto/cmake)
[1.068s] -- Added test 'cppcheck' to perform static code analysis on C / C++ code
[1.068s] -- Configured cppcheck include dirs: $<BUILD_INTERFACE:/home/dexter/Programming/ros2_workspaces/Industrijska-Robotika-ROS2/ros2_ws/src/my_package/include>
[1.068s] -- Configured cppcheck exclude dirs and/or files: 
[1.069s] -- Added test 'lint_cmake' to check CMake code style
[1.069s] -- Added test 'uncrustify' to check C / C++ code style
[1.069s] -- Configured uncrustify additional arguments: 
[1.070s] -- Added test 'xmllint' to check XML markup files
[1.070s] -- Configuring done (1.0s)
[1.075s] -- Generating done (0.0s)
[1.077s] -- Build files have been written to: /home/dexter/Programming/ros2_workspaces/Industrijska-Robotika-ROS2/ros2_ws/build/my_package
[1.094s] [ 50%] [32mBuilding CXX object CMakeFiles/my_node.dir/src/my_node.cpp.o[0m
[1.141s] [01m[K/home/dexter/Programming/ros2_workspaces/Industrijska-Robotika-ROS2/ros2_ws/src/my_package/src/my_node.cpp:6:10:[m[K [01;31m[Kfatal error: [m[Krclcpp/rclcpp.hpp: No such file or directory
[1.141s]     6 | #include [01;31m[K"rclcpp/rclcpp.hpp"[m[K
[1.141s]       |          [01;31m[K^~~~~~~~~~~~~~~~~~~[m[K
[1.141s] compilation terminated.
[1.142s] gmake[2]: *** [CMakeFiles/my_node.dir/build.make:76: CMakeFiles/my_node.dir/src/my_node.cpp.o] Error 1
[1.142s] gmake[1]: *** [CMakeFiles/Makefile2:137: CMakeFiles/my_node.dir/all] Error 2
[1.142s] gmake: *** [Makefile:146: all] Error 2
[1.148s] Invoked command in '/home/dexter/Programming/ros2_workspaces/Industrijska-Robotika-ROS2/ros2_ws/build/my_package' returned '2': CMAKE_PREFIX_PATH=/opt/ros/humble CONDA_PROMPT_MODIFIER=(deeprl) /home/dexter/anaconda3/envs/deeprl/bin/cmake --build /home/dexter/Programming/ros2_workspaces/Industrijska-Robotika-ROS2/ros2_ws/build/my_package -- -j12 -l12
