-- Found ament_cmake: 1.3.8 (/opt/ros/humble/share/ament_cmake/cmake)
-- Found rclcpp: 16.0.8 (/opt/ros/humble/share/rclcpp/cmake)
-- Found rosidl_generator_c: 3.1.5 (/opt/ros/humble/share/rosidl_generator_c/cmake)
-- Found rosidl_adapter: 3.1.5 (/opt/ros/humble/share/rosidl_adapter/cmake)
-- Found rosidl_generator_cpp: 3.1.5 (/opt/ros/humble/share/rosidl_generator_cpp/cmake)
-- Using all available rosidl_typesupport_c: rosidl_typesupport_fastrtps_c;rosidl_typesupport_introspection_c
-- Using all available rosidl_typesupport_cpp: rosidl_typesupport_fastrtps_cpp;rosidl_typesupport_introspection_cpp
-- Found rmw_implementation_cmake: 6.1.1 (/opt/ros/humble/share/rmw_implementation_cmake/cmake)
-- Found rmw_fastrtps_cpp: 6.2.6 (/opt/ros/humble/share/rmw_fastrtps_cpp/cmake)
-- Using RMW implementation 'rmw_fastrtps_cpp' as default
-- Configuring done (0.7s)
-- Generating done (0.0s)
-- Build files have been written to: /home/dexter/Programming/ros2_workspaces/Industrijska-Robotika-ROS2/ros2_ws/build/my_package
[100%] Built target my_node
-- Install configuration: ""
-- Up-to-date: /home/dexter/Programming/ros2_workspaces/Industrijska-Robotika-ROS2/ros2_ws/install/my_package/lib/my_package/my_node
-- Installing: /home/dexter/Programming/ros2_workspaces/Industrijska-Robotika-ROS2/ros2_ws/install/my_package/share/my_package//launch
-- Installing: /home/dexter/Programming/ros2_workspaces/Industrijska-Robotika-ROS2/ros2_ws/install/my_package/share/my_package//launch/my_launch.py
-- Up-to-date: /home/dexter/Programming/ros2_workspaces/Industrijska-Robotika-ROS2/ros2_ws/install/my_package/share/ament_index/resource_index/package_run_dependencies/my_package
-- Installing: /home/dexter/Programming/ros2_workspaces/Industrijska-Robotika-ROS2/ros2_ws/install/my_package/share/ament_index/resource_index/parent_prefix_path/my_package
-- Up-to-date: /home/dexter/Programming/ros2_workspaces/Industrijska-Robotika-ROS2/ros2_ws/install/my_package/share/my_package/environment/ament_prefix_path.sh
-- Installing: /home/dexter/Programming/ros2_workspaces/Industrijska-Robotika-ROS2/ros2_ws/install/my_package/share/my_package/environment/ament_prefix_path.dsv
-- Up-to-date: /home/dexter/Programming/ros2_workspaces/Industrijska-Robotika-ROS2/ros2_ws/install/my_package/share/my_package/environment/path.sh
-- Installing: /home/dexter/Programming/ros2_workspaces/Industrijska-Robotika-ROS2/ros2_ws/install/my_package/share/my_package/environment/path.dsv
-- Up-to-date: /home/dexter/Programming/ros2_workspaces/Industrijska-Robotika-ROS2/ros2_ws/install/my_package/share/my_package/local_setup.bash
-- Up-to-date: /home/dexter/Programming/ros2_workspaces/Industrijska-Robotika-ROS2/ros2_ws/install/my_package/share/my_package/local_setup.sh
-- Up-to-date: /home/dexter/Programming/ros2_workspaces/Industrijska-Robotika-ROS2/ros2_ws/install/my_package/share/my_package/local_setup.zsh
-- Installing: /home/dexter/Programming/ros2_workspaces/Industrijska-Robotika-ROS2/ros2_ws/install/my_package/share/my_package/local_setup.dsv
-- Installing: /home/dexter/Programming/ros2_workspaces/Industrijska-Robotika-ROS2/ros2_ws/install/my_package/share/my_package/package.dsv
-- Up-to-date: /home/dexter/Programming/ros2_workspaces/Industrijska-Robotika-ROS2/ros2_ws/install/my_package/share/ament_index/resource_index/packages/my_package
-- Up-to-date: /home/dexter/Programming/ros2_workspaces/Industrijska-Robotika-ROS2/ros2_ws/install/my_package/share/my_package/cmake/my_packageConfig.cmake
-- Up-to-date: /home/dexter/Programming/ros2_workspaces/Industrijska-Robotika-ROS2/ros2_ws/install/my_package/share/my_package/cmake/my_packageConfig-version.cmake
-- Up-to-date: /home/dexter/Programming/ros2_workspaces/Industrijska-Robotika-ROS2/ros2_ws/install/my_package/share/my_package/package.xml
