[0.062s] Invoking command in '/home/dexter/Programming/ros2_workspaces/Industrijska-Robotika-ROS2/ros2_ws/build/my_package': CMAKE_PREFIX_PATH=/opt/ros/humble CONDA_PROMPT_MODIFIER=(deeprl) /home/dexter/anaconda3/envs/deeprl/bin/cmake /home/dexter/Programming/ros2_workspaces/Industrijska-Robotika-ROS2/ros2_ws/src/my_package -DCMAKE_INSTALL_PREFIX=/home/dexter/Programming/ros2_workspaces/Industrijska-Robotika-ROS2/ros2_ws/install/my_package
[0.238s] -- The C compiler identification is GNU 11.4.0
[0.322s] -- The CXX compiler identification is GNU 11.4.0
[0.345s] -- Detecting C compiler ABI info
[0.422s] -- Detecting C compiler ABI info - done
[0.434s] -- Check for working C compiler: /usr/bin/cc - skipped
[0.434s] -- Detecting C compile features
[0.435s] -- Detecting C compile features - done
[0.445s] -- Detecting CXX compiler ABI info
[0.517s] -- Detecting CXX compiler ABI info - done
[0.529s] -- Check for working CXX compiler: /usr/bin/c++ - skipped
[0.529s] -- Detecting CXX compile features
[0.530s] -- Detecting CXX compile features - done
[0.536s] -- Found ament_cmake: 1.3.8 (/opt/ros/humble/share/ament_cmake/cmake)
[0.654s] -- Found Python3: /home/dexter/anaconda3/envs/deeprl/bin/python3 (found version "3.11.4") found components: Interpreter 
[0.769s] -- Found ament_lint_auto: 0.12.10 (/opt/ros/humble/share/ament_lint_auto/cmake)
[0.891s] -- Added test 'cppcheck' to perform static code analysis on C / C++ code
[0.891s] -- Configured cppcheck include dirs: $<BUILD_INTERFACE:/home/dexter/Programming/ros2_workspaces/Industrijska-Robotika-ROS2/ros2_ws/src/my_package/include>
[0.891s] -- Configured cppcheck exclude dirs and/or files: 
[0.892s] -- Added test 'lint_cmake' to check CMake code style
[0.894s] -- Added test 'uncrustify' to check C / C++ code style
[0.894s] -- Configured uncrustify additional arguments: 
[0.894s] -- Added test 'xmllint' to check XML markup files
[0.896s] -- Configuring done (0.8s)
[0.901s] -- Generating done (0.0s)
[0.902s] -- Build files have been written to: /home/dexter/Programming/ros2_workspaces/Industrijska-Robotika-ROS2/ros2_ws/build/my_package
[0.911s] Invoked command in '/home/dexter/Programming/ros2_workspaces/Industrijska-Robotika-ROS2/ros2_ws/build/my_package' returned '0': CMAKE_PREFIX_PATH=/opt/ros/humble CONDA_PROMPT_MODIFIER=(deeprl) /home/dexter/anaconda3/envs/deeprl/bin/cmake /home/dexter/Programming/ros2_workspaces/Industrijska-Robotika-ROS2/ros2_ws/src/my_package -DCMAKE_INSTALL_PREFIX=/home/dexter/Programming/ros2_workspaces/Industrijska-Robotika-ROS2/ros2_ws/install/my_package
[0.913s] Invoking command in '/home/dexter/Programming/ros2_workspaces/Industrijska-Robotika-ROS2/ros2_ws/build/my_package': CMAKE_PREFIX_PATH=/opt/ros/humble CONDA_PROMPT_MODIFIER=(deeprl) /home/dexter/anaconda3/envs/deeprl/bin/cmake --build /home/dexter/Programming/ros2_workspaces/Industrijska-Robotika-ROS2/ros2_ws/build/my_package -- -j12 -l12
[0.966s] [ 50%] [32mBuilding CXX object CMakeFiles/my_node.dir/src/my_node.cpp.o[0m
[0.993s] [100%] [32m[1mLinking CXX executable my_node[0m
[1.031s] [100%] Built target my_node
[1.041s] Invoked command in '/home/dexter/Programming/ros2_workspaces/Industrijska-Robotika-ROS2/ros2_ws/build/my_package' returned '0': CMAKE_PREFIX_PATH=/opt/ros/humble CONDA_PROMPT_MODIFIER=(deeprl) /home/dexter/anaconda3/envs/deeprl/bin/cmake --build /home/dexter/Programming/ros2_workspaces/Industrijska-Robotika-ROS2/ros2_ws/build/my_package -- -j12 -l12
[1.142s] Invoking command in '/home/dexter/Programming/ros2_workspaces/Industrijska-Robotika-ROS2/ros2_ws/build/my_package': CMAKE_PREFIX_PATH=/opt/ros/humble CONDA_PROMPT_MODIFIER=(deeprl) /home/dexter/anaconda3/envs/deeprl/bin/cmake --install /home/dexter/Programming/ros2_workspaces/Industrijska-Robotika-ROS2/ros2_ws/build/my_package
[1.172s] -- Install configuration: ""
[1.172s] -- Installing: /home/dexter/Programming/ros2_workspaces/Industrijska-Robotika-ROS2/ros2_ws/install/my_package/lib/my_package/my_node
[1.172s] -- Installing: /home/dexter/Programming/ros2_workspaces/Industrijska-Robotika-ROS2/ros2_ws/install/my_package/share/ament_index/resource_index/package_run_dependencies/my_package
[1.172s] -- Installing: /home/dexter/Programming/ros2_workspaces/Industrijska-Robotika-ROS2/ros2_ws/install/my_package/share/ament_index/resource_index/parent_prefix_path/my_package
[1.173s] -- Installing: /home/dexter/Programming/ros2_workspaces/Industrijska-Robotika-ROS2/ros2_ws/install/my_package/share/my_package/environment/ament_prefix_path.sh
[1.173s] -- Installing: /home/dexter/Programming/ros2_workspaces/Industrijska-Robotika-ROS2/ros2_ws/install/my_package/share/my_package/environment/ament_prefix_path.dsv
[1.173s] -- Installing: /home/dexter/Programming/ros2_workspaces/Industrijska-Robotika-ROS2/ros2_ws/install/my_package/share/my_package/environment/path.sh
[1.173s] -- Installing: /home/dexter/Programming/ros2_workspaces/Industrijska-Robotika-ROS2/ros2_ws/install/my_package/share/my_package/environment/path.dsv
[1.173s] -- Installing: /home/dexter/Programming/ros2_workspaces/Industrijska-Robotika-ROS2/ros2_ws/install/my_package/share/my_package/local_setup.bash
[1.173s] -- Installing: /home/dexter/Programming/ros2_workspaces/Industrijska-Robotika-ROS2/ros2_ws/install/my_package/share/my_package/local_setup.sh
[1.174s] -- Installing: /home/dexter/Programming/ros2_workspaces/Industrijska-Robotika-ROS2/ros2_ws/install/my_package/share/my_package/local_setup.zsh
[1.174s] -- Installing: /home/dexter/Programming/ros2_workspaces/Industrijska-Robotika-ROS2/ros2_ws/install/my_package/share/my_package/local_setup.dsv
[1.174s] -- Installing: /home/dexter/Programming/ros2_workspaces/Industrijska-Robotika-ROS2/ros2_ws/install/my_package/share/my_package/package.dsv
[1.174s] -- Installing: /home/dexter/Programming/ros2_workspaces/Industrijska-Robotika-ROS2/ros2_ws/install/my_package/share/ament_index/resource_index/packages/my_package
[1.174s] -- Installing: /home/dexter/Programming/ros2_workspaces/Industrijska-Robotika-ROS2/ros2_ws/install/my_package/share/my_package/cmake/my_packageConfig.cmake
[1.174s] -- Installing: /home/dexter/Programming/ros2_workspaces/Industrijska-Robotika-ROS2/ros2_ws/install/my_package/share/my_package/cmake/my_packageConfig-version.cmake
[1.175s] -- Installing: /home/dexter/Programming/ros2_workspaces/Industrijska-Robotika-ROS2/ros2_ws/install/my_package/share/my_package/package.xml
[1.181s] Invoked command in '/home/dexter/Programming/ros2_workspaces/Industrijska-Robotika-ROS2/ros2_ws/build/my_package' returned '0': CMAKE_PREFIX_PATH=/opt/ros/humble CONDA_PROMPT_MODIFIER=(deeprl) /home/dexter/anaconda3/envs/deeprl/bin/cmake --install /home/dexter/Programming/ros2_workspaces/Industrijska-Robotika-ROS2/ros2_ws/build/my_package
