[0.063s] Invoking command in '/home/dexter/Programming/ros2_workspaces/Industrijska-Robotika-ROS2/ros2_ws/build/my_package': CMAKE_PREFIX_PATH=/opt/ros/humble CONDA_PROMPT_MODIFIER=(deeprl) /home/dexter/anaconda3/envs/deeprl/bin/cmake --build /home/dexter/Programming/ros2_workspaces/Industrijska-Robotika-ROS2/ros2_ws/build/my_package -- -j12 -l12
[0.097s] -- Found ament_cmake: 1.3.8 (/opt/ros/humble/share/ament_cmake/cmake)
[0.277s] -- Found rclcpp: 16.0.8 (/opt/ros/humble/share/rclcpp/cmake)
[0.314s] -- Found rosidl_generator_c: 3.1.5 (/opt/ros/humble/share/rosidl_generator_c/cmake)
[0.317s] -- Found rosidl_adapter: 3.1.5 (/opt/ros/humble/share/rosidl_adapter/cmake)
[0.325s] -- Found rosidl_generator_cpp: 3.1.5 (/opt/ros/humble/share/rosidl_generator_cpp/cmake)
[0.340s] -- Using all available rosidl_typesupport_c: rosidl_typesupport_fastrtps_c;rosidl_typesupport_introspection_c
[0.360s] -- Using all available rosidl_typesupport_cpp: rosidl_typesupport_fastrtps_cpp;rosidl_typesupport_introspection_cpp
[0.423s] -- Found rmw_implementation_cmake: 6.1.1 (/opt/ros/humble/share/rmw_implementation_cmake/cmake)
[0.424s] -- Found rmw_fastrtps_cpp: 6.2.6 (/opt/ros/humble/share/rmw_fastrtps_cpp/cmake)
[0.547s] -- Using RMW implementation 'rmw_fastrtps_cpp' as default
[0.792s] -- Configuring done (0.7s)
[0.801s] -- Generating done (0.0s)
[0.802s] -- Build files have been written to: /home/dexter/Programming/ros2_workspaces/Industrijska-Robotika-ROS2/ros2_ws/build/my_package
[0.822s] [ 50%] [32mBuilding CXX object CMakeFiles/my_node.dir/src/my_node.cpp.o[0m
[4.544s] [100%] [32m[1mLinking CXX executable my_node[0m
[4.698s] [100%] Built target my_node
[4.706s] Invoked command in '/home/dexter/Programming/ros2_workspaces/Industrijska-Robotika-ROS2/ros2_ws/build/my_package' returned '0': CMAKE_PREFIX_PATH=/opt/ros/humble CONDA_PROMPT_MODIFIER=(deeprl) /home/dexter/anaconda3/envs/deeprl/bin/cmake --build /home/dexter/Programming/ros2_workspaces/Industrijska-Robotika-ROS2/ros2_ws/build/my_package -- -j12 -l12
[4.786s] Invoking command in '/home/dexter/Programming/ros2_workspaces/Industrijska-Robotika-ROS2/ros2_ws/build/my_package': CMAKE_PREFIX_PATH=/opt/ros/humble CONDA_PROMPT_MODIFIER=(deeprl) /home/dexter/anaconda3/envs/deeprl/bin/cmake --install /home/dexter/Programming/ros2_workspaces/Industrijska-Robotika-ROS2/ros2_ws/build/my_package
[4.810s] -- Install configuration: ""
[4.810s] -- Installing: /home/dexter/Programming/ros2_workspaces/Industrijska-Robotika-ROS2/ros2_ws/install/my_package/lib/my_package/my_node
[4.811s] -- Set non-toolchain portion of runtime path of "/home/dexter/Programming/ros2_workspaces/Industrijska-Robotika-ROS2/ros2_ws/install/my_package/lib/my_package/my_node" to ""
[4.811s] -- Installing: /home/dexter/Programming/ros2_workspaces/Industrijska-Robotika-ROS2/ros2_ws/install/my_package/share/ament_index/resource_index/package_run_dependencies/my_package
[4.811s] -- Up-to-date: /home/dexter/Programming/ros2_workspaces/Industrijska-Robotika-ROS2/ros2_ws/install/my_package/share/ament_index/resource_index/parent_prefix_path/my_package
[4.811s] -- Up-to-date: /home/dexter/Programming/ros2_workspaces/Industrijska-Robotika-ROS2/ros2_ws/install/my_package/share/my_package/environment/ament_prefix_path.sh
[4.811s] -- Installing: /home/dexter/Programming/ros2_workspaces/Industrijska-Robotika-ROS2/ros2_ws/install/my_package/share/my_package/environment/ament_prefix_path.dsv
[4.811s] -- Up-to-date: /home/dexter/Programming/ros2_workspaces/Industrijska-Robotika-ROS2/ros2_ws/install/my_package/share/my_package/environment/path.sh
[4.811s] -- Installing: /home/dexter/Programming/ros2_workspaces/Industrijska-Robotika-ROS2/ros2_ws/install/my_package/share/my_package/environment/path.dsv
[4.811s] -- Up-to-date: /home/dexter/Programming/ros2_workspaces/Industrijska-Robotika-ROS2/ros2_ws/install/my_package/share/my_package/local_setup.bash
[4.812s] -- Up-to-date: /home/dexter/Programming/ros2_workspaces/Industrijska-Robotika-ROS2/ros2_ws/install/my_package/share/my_package/local_setup.sh
[4.812s] -- Up-to-date: /home/dexter/Programming/ros2_workspaces/Industrijska-Robotika-ROS2/ros2_ws/install/my_package/share/my_package/local_setup.zsh
[4.812s] -- Installing: /home/dexter/Programming/ros2_workspaces/Industrijska-Robotika-ROS2/ros2_ws/install/my_package/share/my_package/local_setup.dsv
[4.812s] -- Installing: /home/dexter/Programming/ros2_workspaces/Industrijska-Robotika-ROS2/ros2_ws/install/my_package/share/my_package/package.dsv
[4.812s] -- Up-to-date: /home/dexter/Programming/ros2_workspaces/Industrijska-Robotika-ROS2/ros2_ws/install/my_package/share/ament_index/resource_index/packages/my_package
[4.812s] -- Up-to-date: /home/dexter/Programming/ros2_workspaces/Industrijska-Robotika-ROS2/ros2_ws/install/my_package/share/my_package/cmake/my_packageConfig.cmake
[4.812s] -- Up-to-date: /home/dexter/Programming/ros2_workspaces/Industrijska-Robotika-ROS2/ros2_ws/install/my_package/share/my_package/cmake/my_packageConfig-version.cmake
[4.812s] -- Installing: /home/dexter/Programming/ros2_workspaces/Industrijska-Robotika-ROS2/ros2_ws/install/my_package/share/my_package/package.xml
[4.816s] Invoked command in '/home/dexter/Programming/ros2_workspaces/Industrijska-Robotika-ROS2/ros2_ws/build/my_package' returned '0': CMAKE_PREFIX_PATH=/opt/ros/humble CONDA_PROMPT_MODIFIER=(deeprl) /home/dexter/anaconda3/envs/deeprl/bin/cmake --install /home/dexter/Programming/ros2_workspaces/Industrijska-Robotika-ROS2/ros2_ws/build/my_package
